samsung-TS-294LT92NM 2020-08-18T19:29:32.199 31064 ERROR file - Cheese is too ripe!
samsung-TS-294LT92NM 2020-08-18T19:29:32.200 31064 FATAL file - Cheese was breeding ground for listeria.
samsung-TS-294LT92NM 2020-08-18T19:29:32.200 31064 TRACE file - Entering cheese testing
samsung-TS-294LT92NM 2020-08-18T19:29:32.200 31064 DEBUG file - Got cheese.
samsung-TS-294LT92NM 2020-08-18T19:29:32.200 31064 INFO file - Cheese is Comté.
samsung-TS-294LT92NM 2020-08-18T19:29:32.201 31064 WARN file - Cheese warning Error: msg
    at func2 (E:\Workspace\Git\tryNode\logging\app.js:42:11)
    at func1 (E:\Workspace\Git\tryNode\logging\app.js:51:9)
    at main (E:\Workspace\Git\tryNode\logging\app.js:61:5)
    at Object.<anonymous> (E:\Workspace\Git\tryNode\logging\app.js:64:1)
    at Module._compile (internal/modules/cjs/loader.js:959:30)
    at Object.Module._extensions..js (internal/modules/cjs/loader.js:995:10)
    at Module.load (internal/modules/cjs/loader.js:815:32)
    at Function.Module._load (internal/modules/cjs/loader.js:727:14)
    at Object.<anonymous> (C:\Users\KOSCOM\AppData\Roaming\npm\node_modules\pm2\lib\ProcessContainerFork.js:32:23)
    at Module._compile (internal/modules/cjs/loader.js:959:30)
[2020-08-18T19:31:09.467] [ERROR] file - Cheese is too ripe!
[2020-08-18T19:31:09.468] [FATAL] file - Cheese was breeding ground for listeria.
[2020-08-18T19:31:09.468] [TRACE] file - Entering cheese testing
[2020-08-18T19:31:09.468] [DEBUG] file - Got cheese.
[2020-08-18T19:31:09.468] [INFO] file - Cheese is Comté.
[2020-08-18T19:31:09.468] [WARN] file - Cheese warning Error: msg
    at func2 (E:\Workspace\Git\tryNode\logging\app.js:59:11)
    at func1 (E:\Workspace\Git\tryNode\logging\app.js:68:9)
    at main (E:\Workspace\Git\tryNode\logging\app.js:78:5)
    at Object.<anonymous> (E:\Workspace\Git\tryNode\logging\app.js:81:1)
    at Module._compile (internal/modules/cjs/loader.js:959:30)
    at Object.Module._extensions..js (internal/modules/cjs/loader.js:995:10)
    at Module.load (internal/modules/cjs/loader.js:815:32)
    at Function.Module._load (internal/modules/cjs/loader.js:727:14)
    at Function.Module.runMain (internal/modules/cjs/loader.js:1047:10)
    at internal/main/run_main_module.js:17:11
